<?xml version="1.0" encoding="UTF-8"?>
<!-- Generated by org.testng.reporters.JUnitXMLReporter -->
<testsuite ignored="0" hostname="Chandra-XPS" failures="1" tests="1" name="BankingApp Test edge" time="4.688" errors="0" timestamp="2024-09-02T23:41:15 CDT">
  <testcase classname="com.inetbanking.testCases.TC_Login_001" name="loginTest" time="1.111">
    <failure type="java.lang.AssertionError" message="FAIL expected [true] but found [false]">
      <![CDATA[java.lang.AssertionError: FAIL expected [true] but found [false]
at com.inetbanking.testCases.TC_Login_001.loginTest(TC_Login_001.java:20)
at java.base/java.util.ArrayList.forEach(ArrayList.java:1511)
... Removed 30 stack frames]]>
    </failure>
  </testcase> <!-- loginTest -->
</testsuite> <!-- BankingApp Test edge -->
